# JRE version: OpenJDK Runtime Environment (8.0_76-b03) (build 1.8.0_76-release-b03)
# Java VM: OpenJDK 64-Bit Server VM (25.76-b03 mixed mode windows-amd64 compressed oops)
Heap:
 PSYoungGen      total 189952K, used 163970K [0x00000000e0000000, 0x00000000ef100000, 0x0000000100000000)
  eden space 170496K, 90% used [0x00000000e0000000,0x00000000e974f920,0x00000000ea680000)
  from space 19456K, 46% used [0x00000000ea680000,0x00000000eaf512d8,0x00000000eb980000)
  to   space 18944K, 0% used [0x00000000ede80000,0x00000000ede80000,0x00000000ef100000)
 ParOldGen       total 56832K, used 41688K [0x00000000a0000000, 0x00000000a3780000, 0x00000000e0000000)
  object space 56832K, 73% used [0x00000000a0000000,0x00000000a28b61a0,0x00000000a3780000)
 Metaspace       used 61356K, capacity 63693K, committed 63912K, reserved 1103872K
  class space    used 8104K, capacity 8624K, committed 8624K, reserved 1048576K
GC Heap History (10 events):
Event: 18.650 GC heap before
{Heap before GC invocations=14 (full 2):
 PSYoungGen      total 144896K, used 144881K [0x00000000e0000000, 0x00000000ec880000, 0x0000000100000000)
  eden space 131072K, 100% used [0x00000000e0000000,0x00000000e8000000,0x00000000e8000000)
  from space 13824K, 99% used [0x00000000e8000000,0x00000000e8d7c6f8,0x00000000e8d80000)
  to   space 17920K, 0% used [0x00000000eb700000,0x00000000eb700000,0x00000000ec880000)
 ParOldGen       total 56832K, used 22873K [0x00000000a0000000, 0x00000000a3780000, 0x00000000e0000000)
  object space 56832K, 40% used [0x00000000a0000000,0x00000000a1656698,0x00000000a3780000)
 Metaspace       used 54432K, capacity 56381K, committed 56488K, reserved 1097728K
  class space    used 7367K, capacity 7850K, committed 7856K, reserved 1048576K
Event: 18.692 GC heap after
Heap after GC invocations=14 (full 2):
 PSYoungGen      total 185344K, used 16917K [0x00000000e0000000, 0x00000000ecc80000, 0x0000000100000000)
  eden space 167424K, 0% used [0x00000000e0000000,0x00000000e0000000,0x00000000ea380000)
  from space 17920K, 94% used [0x00000000eb700000,0x00000000ec7854d8,0x00000000ec880000)
  to   space 19968K, 0% used [0x00000000ea380000,0x00000000ea380000,0x00000000eb700000)
 ParOldGen       total 56832K, used 36595K [0x00000000a0000000, 0x00000000a3780000, 0x00000000e0000000)
  object space 56832K, 64% used [0x00000000a0000000,0x00000000a23bcdd8,0x00000000a3780000)
 Metaspace       used 54432K, capacity 56381K, committed 56488K, reserved 1097728K
  class space    used 7367K, capacity 7850K, committed 7856K, reserved 1048576K
}
Event: 18.737 GC heap before
{Heap before GC invocations=15 (full 2):
 PSYoungGen      total 185344K, used 20593K [0x00000000e0000000, 0x00000000ecc80000, 0x0000000100000000)
  eden space 167424K, 2% used [0x00000000e0000000,0x00000000e0397098,0x00000000ea380000)
  from space 17920K, 94% used [0x00000000eb700000,0x00000000ec7854d8,0x00000000ec880000)
  to   space 19968K, 0% used [0x00000000ea380000,0x00000000ea380000,0x00000000eb700000)
 ParOldGen       total 56832K, used 36595K [0x00000000a0000000, 0x00000000a3780000, 0x00000000e0000000)
  object space 56832K, 64% used [0x00000000a0000000,0x00000000a23bcdd8,0x00000000a3780000)
 Metaspace       used 54572K, capacity 56547K, committed 56872K, reserved 1097728K
  class space    used 7386K, capacity 7867K, committed 7984K, reserved 1048576K
Event: 18.758 GC heap after
Heap after GC invocations=15 (full 2):
 PSYoungGen      total 187392K, used 408K [0x00000000e0000000, 0x00000000ecd80000, 0x0000000100000000)
  eden space 167424K, 0% used [0x00000000e0000000,0x00000000e0000000,0x00000000ea380000)
  from space 19968K, 2% used [0x00000000ea380000,0x00000000ea3e6360,0x00000000eb700000)
  to   space 20480K, 0% used [0x00000000eb980000,0x00000000eb980000,0x00000000ecd80000)
 ParOldGen       total 56832K, used 50451K [0x00000000a0000000, 0x00000000a3780000, 0x00000000e0000000)
  object space 56832K, 88% used [0x00000000a0000000,0x00000000a3144d88,0x00000000a3780000)
 Metaspace       used 54572K, capacity 56547K, committed 56872K, reserved 1097728K
  class space    used 7386K, capacity 7867K, committed 7984K, reserved 1048576K
}
Event: 18.759 GC heap before
{Heap before GC invocations=16 (full 3):
 PSYoungGen      total 187392K, used 408K [0x00000000e0000000, 0x00000000ecd80000, 0x0000000100000000)
  eden space 167424K, 0% used [0x00000000e0000000,0x00000000e0000000,0x00000000ea380000)
  from space 19968K, 2% used [0x00000000ea380000,0x00000000ea3e6360,0x00000000eb700000)
  to   space 20480K, 0% used [0x00000000eb980000,0x00000000eb980000,0x00000000ecd80000)
 ParOldGen       total 56832K, used 50451K [0x00000000a0000000, 0x00000000a3780000, 0x00000000e0000000)
  object space 56832K, 88% used [0x00000000a0000000,0x00000000a3144d88,0x00000000a3780000)
 Metaspace       used 54572K, capacity 56547K, committed 56872K, reserved 1097728K
  class space    used 7386K, capacity 7867K, committed 7984K, reserved 1048576K
Event: 19.102 GC heap after
Heap after GC invocations=16 (full 3):
 PSYoungGen      total 187392K, used 0K [0x00000000e0000000, 0x00000000ecd80000, 0x0000000100000000)
  eden space 167424K, 0% used [0x00000000e0000000,0x00000000e0000000,0x00000000ea380000)
  from space 19968K, 0% used [0x00000000ea380000,0x00000000ea380000,0x00000000eb700000)
  to   space 20480K, 0% used [0x00000000eb980000,0x00000000eb980000,0x00000000ecd80000)
 ParOldGen       total 56832K, used 41672K [0x00000000a0000000, 0x00000000a3780000, 0x00000000e0000000)
  object space 56832K, 73% used [0x00000000a0000000,0x00000000a28b21a0,0x00000000a3780000)
 Metaspace       used 54572K, capacity 56547K, committed 56872K, reserved 1097728K
  class space    used 7386K, capacity 7867K, committed 7984K, reserved 1048576K
}
Event: 29.432 GC heap before
{Heap before GC invocations=17 (full 3):
 PSYoungGen      total 187392K, used 167424K [0x00000000e0000000, 0x00000000ecd80000, 0x0000000100000000)
  eden space 167424K, 100% used [0x00000000e0000000,0x00000000ea380000,0x00000000ea380000)
  from space 19968K, 0% used [0x00000000ea380000,0x00000000ea380000,0x00000000eb700000)
  to   space 20480K, 0% used [0x00000000eb980000,0x00000000eb980000,0x00000000ecd80000)
 ParOldGen       total 56832K, used 41672K [0x00000000a0000000, 0x00000000a3780000, 0x00000000e0000000)
  object space 56832K, 73% used [0x00000000a0000000,0x00000000a28b21a0,0x00000000a3780000)
 Metaspace       used 58542K, capacity 60659K, committed 60840K, reserved 1101824K
  class space    used 7841K, capacity 8301K, committed 8368K, reserved 1048576K
Event: 29.453 GC heap after
Heap after GC invocations=17 (full 3):
 PSYoungGen      total 190976K, used 8802K [0x00000000e0000000, 0x00000000ef380000, 0x0000000100000000)
  eden space 170496K, 0% used [0x00000000e0000000,0x00000000e0000000,0x00000000ea680000)
  from space 20480K, 42% used [0x00000000eb980000,0x00000000ec218990,0x00000000ecd80000)
  to   space 19456K, 0% used [0x00000000ea680000,0x00000000ea680000,0x00000000eb980000)
 ParOldGen       total 56832K, used 41680K [0x00000000a0000000, 0x00000000a3780000, 0x00000000e0000000)
  object space 56832K, 73% used [0x00000000a0000000,0x00000000a28b41a0,0x00000000a3780000)
 Metaspace       used 58542K, capacity 60659K, committed 60840K, reserved 1101824K
  class space    used 7841K, capacity 8301K, committed 8368K, reserved 1048576K
}
Event: 65.855 GC heap before
{Heap before GC invocations=18 (full 3):
 PSYoungGen      total 190976K, used 179298K [0x00000000e0000000, 0x00000000ef380000, 0x0000000100000000)
  eden space 170496K, 100% used [0x00000000e0000000,0x00000000ea680000,0x00000000ea680000)
  from space 20480K, 42% used [0x00000000eb980000,0x00000000ec218990,0x00000000ecd80000)
  to   space 19456K, 0% used [0x00000000ea680000,0x00000000ea680000,0x00000000eb980000)
 ParOldGen       total 56832K, used 41680K [0x00000000a0000000, 0x00000000a3780000, 0x00000000e0000000)
  object space 56832K, 73% used [0x00000000a0000000,0x00000000a28b41a0,0x00000000a3780000)
 Metaspace       used 60117K, capacity 62395K, committed 62632K, reserved 1103872K
  class space    used 8011K, capacity 8509K, committed 8624K, reserved 1048576K
Event: 65.975 GC heap after
Heap after GC invocations=18 (full 3):
 PSYoungGen      total 189952K, used 9028K [0x00000000e0000000, 0x00000000ef100000, 0x0000000100000000)
  eden space 170496K, 0% used [0x00000000e0000000,0x00000000e0000000,0x00000000ea680000)
  from space 19456K, 46% used [0x00000000ea680000,0x00000000eaf512d8,0x00000000eb980000)
  to   space 18944K, 0% used [0x00000000ede80000,0x00000000ede80000,0x00000000ef100000)
 ParOldGen       total 56832K, used 41688K [0x00000000a0000000, 0x00000000a3780000, 0x00000000e0000000)
  object space 56832K, 73% used [0x00000000a0000000,0x00000000a28b61a0,0x00000000a3780000)
 Metaspace       used 60117K, capacity 62395K, committed 62632K, reserved 1103872K
  class space    used 8011K, capacity 8509K, committed 8624K, reserved 1048576K
}

